2021-12-31 15:32:39 [main] INFO  c.m.d.t.t.k.s.TwitterToKafkaServiceApplication - Starting TwitterToKafkaServiceApplication using Java 11.0.12 on DESKTOP-T2LRE8A with PID 16596 (C:\Users\User\IdeaProjects\microservices-demo\twitter-to-kafka-service\target\classes started by User in C:\Users\User\IdeaProjects\microservices-demo)
2021-12-31 15:32:39 [main] INFO  c.m.d.t.t.k.s.TwitterToKafkaServiceApplication - No active profile set, falling back to default profiles: default
2021-12-31 15:32:40 [main] INFO  c.m.d.t.t.k.s.TwitterToKafkaServiceApplication - Started TwitterToKafkaServiceApplication in 1.102 seconds (JVM running for 1.733)
2021-12-31 15:32:40 [main] INFO  c.m.d.t.t.k.s.TwitterToKafkaServiceApplication - [Java, Microservices, Spring, Kafka, Elasticsearch]
2021-12-31 15:32:40 [main] INFO  c.m.d.t.t.k.s.TwitterToKafkaServiceApplication - Hello microservices
2021-12-31 15:32:40 [main] INFO  o.s.b.a.l.ConditionEvaluationReportLoggingListener - 

Error starting ApplicationContext. To display the conditions report re-run your application with 'debug' enabled.
2021-12-31 15:32:40 [main] ERROR o.s.boot.SpringApplication - Application run failed
java.lang.IllegalStateException: Failed to execute CommandLineRunner
	at org.springframework.boot.SpringApplication.callRunner(SpringApplication.java:770)
	at org.springframework.boot.SpringApplication.callRunners(SpringApplication.java:751)
	at org.springframework.boot.SpringApplication.run(SpringApplication.java:309)
	at org.springframework.boot.SpringApplication.run(SpringApplication.java:1301)
	at org.springframework.boot.SpringApplication.run(SpringApplication.java:1290)
	at com.microservices.demo.twitter.to.kafka.service.TwitterToKafkaServiceApplication.main(TwitterToKafkaServiceApplication.java:14)
Caused by: java.lang.NullPointerException: null
	at com.microservices.demo.twitter.to.kafka.service.runner.impl.MockKafkaStreamRunner.start(MockKafkaStreamRunner.java:81)
	at com.microservices.demo.twitter.to.kafka.service.TwitterToKafkaServiceApplication.run(TwitterToKafkaServiceApplication.java:36)
	at org.springframework.boot.SpringApplication.callRunner(SpringApplication.java:767)
	... 5 common frames omitted
2021-12-31 15:34:24 [main] INFO  c.m.d.t.t.k.s.TwitterToKafkaServiceApplication - Starting TwitterToKafkaServiceApplication using Java 11.0.12 on DESKTOP-T2LRE8A with PID 15516 (C:\Users\User\IdeaProjects\microservices-demo\twitter-to-kafka-service\target\classes started by User in C:\Users\User\IdeaProjects\microservices-demo)
2021-12-31 15:34:24 [main] INFO  c.m.d.t.t.k.s.TwitterToKafkaServiceApplication - No active profile set, falling back to default profiles: default
2021-12-31 15:34:24 [main] INFO  c.m.d.t.t.k.s.TwitterToKafkaServiceApplication - Started TwitterToKafkaServiceApplication in 1.002 seconds (JVM running for 1.519)
2021-12-31 15:34:24 [main] INFO  c.m.d.t.t.k.s.TwitterToKafkaServiceApplication - [Java, Microservices, Spring, Kafka, Elasticsearch]
2021-12-31 15:34:24 [main] INFO  c.m.d.t.t.k.s.TwitterToKafkaServiceApplication - Hello microservices
2021-12-31 15:34:24 [main] INFO  c.m.d.t.t.k.s.r.i.MockKafkaStreamRunner - Starting mock filtering twitter streams for keywords [Java, Microservices, Spring, Kafka, Elasticsearch]
2021-12-31 15:37:08 [main] INFO  c.m.d.t.t.k.s.TwitterToKafkaServiceApplication - Starting TwitterToKafkaServiceApplication using Java 11.0.12 on DESKTOP-T2LRE8A with PID 8312 (C:\Users\User\IdeaProjects\microservices-demo\twitter-to-kafka-service\target\classes started by User in C:\Users\User\IdeaProjects\microservices-demo)
2021-12-31 15:37:08 [main] INFO  c.m.d.t.t.k.s.TwitterToKafkaServiceApplication - No active profile set, falling back to default profiles: default
2021-12-31 15:37:08 [main] INFO  c.m.d.t.t.k.s.TwitterToKafkaServiceApplication - Started TwitterToKafkaServiceApplication in 0.99 seconds (JVM running for 1.554)
2021-12-31 15:37:08 [main] INFO  c.m.d.t.t.k.s.TwitterToKafkaServiceApplication - [Java, Microservices, Spring, Kafka, Elasticsearch]
2021-12-31 15:37:08 [main] INFO  c.m.d.t.t.k.s.TwitterToKafkaServiceApplication - Hello microservices
2021-12-31 15:37:08 [main] INFO  c.m.d.t.t.k.s.r.i.MockKafkaStreamRunner - Starting mock filtering twitter streams for keywords [Java, Microservices, Spring, Kafka, Elasticsearch]
2021-12-31 15:37:08 [pool-1-thread-1] INFO  c.m.d.t.t.k.s.r.i.MockKafkaStreamRunner - Starting simulated stream.
2021-12-31 15:37:55 [main] INFO  c.m.d.t.t.k.s.TwitterToKafkaServiceApplication - Starting TwitterToKafkaServiceApplication using Java 11.0.12 on DESKTOP-T2LRE8A with PID 2360 (C:\Users\User\IdeaProjects\microservices-demo\twitter-to-kafka-service\target\classes started by User in C:\Users\User\IdeaProjects\microservices-demo)
2021-12-31 15:37:55 [main] INFO  c.m.d.t.t.k.s.TwitterToKafkaServiceApplication - No active profile set, falling back to default profiles: default
2021-12-31 15:37:56 [main] INFO  c.m.d.t.t.k.s.TwitterToKafkaServiceApplication - Started TwitterToKafkaServiceApplication in 0.967 seconds (JVM running for 1.49)
2021-12-31 15:37:56 [main] INFO  c.m.d.t.t.k.s.TwitterToKafkaServiceApplication - [Java, Microservices, Spring, Kafka, Elasticsearch]
2021-12-31 15:37:56 [main] INFO  c.m.d.t.t.k.s.TwitterToKafkaServiceApplication - Hello microservices
2021-12-31 15:37:56 [main] INFO  c.m.d.t.t.k.s.r.i.MockKafkaStreamRunner - Starting mock filtering twitter streams for keywords [Java, Microservices, Spring, Kafka, Elasticsearch]
2021-12-31 15:37:56 [pool-1-thread-1] INFO  c.m.d.t.t.k.s.r.i.MockKafkaStreamRunner - Starting simulated stream.
2021-12-31 15:38:18 [main] INFO  c.m.d.t.t.k.s.TwitterToKafkaServiceApplication - Starting TwitterToKafkaServiceApplication using Java 11.0.12 on DESKTOP-T2LRE8A with PID 12984 (C:\Users\User\IdeaProjects\microservices-demo\twitter-to-kafka-service\target\classes started by User in C:\Users\User\IdeaProjects\microservices-demo)
2021-12-31 15:38:18 [main] INFO  c.m.d.t.t.k.s.TwitterToKafkaServiceApplication - No active profile set, falling back to default profiles: default
2021-12-31 15:38:19 [main] INFO  c.m.d.t.t.k.s.TwitterToKafkaServiceApplication - Started TwitterToKafkaServiceApplication in 1.067 seconds (JVM running for 2.412)
2021-12-31 15:38:19 [main] INFO  c.m.d.t.t.k.s.TwitterToKafkaServiceApplication - [Java, Microservices, Spring, Kafka, Elasticsearch]
2021-12-31 15:38:19 [main] INFO  c.m.d.t.t.k.s.TwitterToKafkaServiceApplication - Hello microservices
2021-12-31 15:38:19 [main] INFO  c.m.d.t.t.k.s.r.i.MockKafkaStreamRunner - Starting mock filtering twitter streams for keywords [Java, Microservices, Spring, Kafka, Elasticsearch]
2021-12-31 15:38:19 [pool-1-thread-1] INFO  c.m.d.t.t.k.s.r.i.MockKafkaStreamRunner - Starting simulated stream.
2021-12-31 15:38:38 [main] INFO  c.m.d.t.t.k.s.TwitterToKafkaServiceApplication - Starting TwitterToKafkaServiceApplication using Java 11.0.12 on DESKTOP-T2LRE8A with PID 15596 (C:\Users\User\IdeaProjects\microservices-demo\twitter-to-kafka-service\target\classes started by User in C:\Users\User\IdeaProjects\microservices-demo)
2021-12-31 15:38:38 [main] INFO  c.m.d.t.t.k.s.TwitterToKafkaServiceApplication - No active profile set, falling back to default profiles: default
2021-12-31 15:38:39 [main] INFO  c.m.d.t.t.k.s.TwitterToKafkaServiceApplication - Started TwitterToKafkaServiceApplication in 1.117 seconds (JVM running for 1.814)
2021-12-31 15:38:39 [main] INFO  c.m.d.t.t.k.s.TwitterToKafkaServiceApplication - [Java, Microservices, Spring, Kafka, Elasticsearch]
2021-12-31 15:38:39 [main] INFO  c.m.d.t.t.k.s.TwitterToKafkaServiceApplication - Hello microservices
2021-12-31 15:38:39 [main] INFO  c.m.d.t.t.k.s.r.i.MockKafkaStreamRunner - Starting mock filtering twitter streams for keywords [Java, Microservices, Spring, Kafka, Elasticsearch]
2021-12-31 15:38:39 [pool-1-thread-1] INFO  c.m.d.t.t.k.s.r.i.MockKafkaStreamRunner - Starting simulated stream.
2021-12-31 15:39:16 [main] INFO  c.m.d.t.t.k.s.TwitterToKafkaServiceApplication - Starting TwitterToKafkaServiceApplication using Java 11.0.12 on DESKTOP-T2LRE8A with PID 2676 (C:\Users\User\IdeaProjects\microservices-demo\twitter-to-kafka-service\target\classes started by User in C:\Users\User\IdeaProjects\microservices-demo)
2021-12-31 15:39:16 [main] INFO  c.m.d.t.t.k.s.TwitterToKafkaServiceApplication - No active profile set, falling back to default profiles: default
2021-12-31 15:39:16 [main] INFO  c.m.d.t.t.k.s.TwitterToKafkaServiceApplication - Started TwitterToKafkaServiceApplication in 1.103 seconds (JVM running for 1.907)
2021-12-31 15:39:16 [main] INFO  c.m.d.t.t.k.s.TwitterToKafkaServiceApplication - [Java, Microservices, Spring, Kafka, Elasticsearch]
2021-12-31 15:39:16 [main] INFO  c.m.d.t.t.k.s.TwitterToKafkaServiceApplication - Hello microservices
2021-12-31 15:39:16 [main] INFO  c.m.d.t.t.k.s.r.i.MockKafkaStreamRunner - Starting mock filtering twitter streams for keywords [Java, Microservices, Spring, Kafka, Elasticsearch]
2021-12-31 15:39:16 [pool-1-thread-1] INFO  c.m.d.t.t.k.s.r.i.MockKafkaStreamRunner - Starting simulated stream.
2021-12-31 15:40:02 [main] INFO  c.m.d.t.t.k.s.TwitterToKafkaServiceApplication - Starting TwitterToKafkaServiceApplication using Java 11.0.12 on DESKTOP-T2LRE8A with PID 11184 (C:\Users\User\IdeaProjects\microservices-demo\twitter-to-kafka-service\target\classes started by User in C:\Users\User\IdeaProjects\microservices-demo)
2021-12-31 15:40:02 [main] INFO  c.m.d.t.t.k.s.TwitterToKafkaServiceApplication - No active profile set, falling back to default profiles: default
2021-12-31 15:40:02 [main] INFO  c.m.d.t.t.k.s.TwitterToKafkaServiceApplication - Started TwitterToKafkaServiceApplication in 1.139 seconds (JVM running for 1.991)
2021-12-31 15:40:02 [main] INFO  c.m.d.t.t.k.s.TwitterToKafkaServiceApplication - [Java, Microservices, Spring, Kafka, Elasticsearch]
2021-12-31 15:40:02 [main] INFO  c.m.d.t.t.k.s.TwitterToKafkaServiceApplication - Hello microservices
2021-12-31 15:40:02 [main] INFO  c.m.d.t.t.k.s.r.i.MockKafkaStreamRunner - Starting mock filtering twitter streams for keywords [Java, Microservices, Spring, Kafka, Elasticsearch]
2021-12-31 15:40:02 [pool-1-thread-1] INFO  c.m.d.t.t.k.s.r.i.MockKafkaStreamRunner - Starting simulated stream.
2021-12-31 15:40:02 [pool-1-thread-1] ERROR c.m.d.t.t.k.s.r.i.MockKafkaStreamRunner - Error creating twitter status:
java.lang.NumberFormatException: For input string: "{1}"
	at java.base/java.lang.NumberFormatException.forInputString(NumberFormatException.java:65)
	at java.base/java.lang.Long.parseLong(Long.java:692)
	at java.base/java.lang.Long.valueOf(Long.java:1144)
	at twitter4j.ParseUtil.getLong(ParseUtil.java:156)
	at twitter4j.ParseUtil.getLong(ParseUtil.java:144)
	at twitter4j.StatusJSONImpl.init(StatusJSONImpl.java:100)
	at twitter4j.StatusJSONImpl.<init>(StatusJSONImpl.java:91)
	at twitter4j.TwitterObjectFactory.createStatus(TwitterObjectFactory.java:55)
	at com.microservices.demo.twitter.to.kafka.service.runner.impl.MockKafkaStreamRunner.lambda$simulateTwitterStream$0(MockKafkaStreamRunner.java:93)
	at java.base/java.util.concurrent.Executors$RunnableAdapter.call(Executors.java:515)
	at java.base/java.util.concurrent.FutureTask.run$$$capture(FutureTask.java:264)
	at java.base/java.util.concurrent.FutureTask.run(FutureTask.java)
	at java.base/java.util.concurrent.ThreadPoolExecutor.runWorker(ThreadPoolExecutor.java:1128)
	at java.base/java.util.concurrent.ThreadPoolExecutor$Worker.run(ThreadPoolExecutor.java:628)
	at java.base/java.lang.Thread.run(Thread.java:834)
2021-12-31 15:40:47 [main] INFO  c.m.d.t.t.k.s.TwitterToKafkaServiceApplication - Starting TwitterToKafkaServiceApplication using Java 11.0.12 on DESKTOP-T2LRE8A with PID 5984 (C:\Users\User\IdeaProjects\microservices-demo\twitter-to-kafka-service\target\classes started by User in C:\Users\User\IdeaProjects\microservices-demo)
2021-12-31 15:40:47 [main] INFO  c.m.d.t.t.k.s.TwitterToKafkaServiceApplication - No active profile set, falling back to default profiles: default
2021-12-31 15:40:48 [main] INFO  c.m.d.t.t.k.s.TwitterToKafkaServiceApplication - Started TwitterToKafkaServiceApplication in 1.146 seconds (JVM running for 1.878)
2021-12-31 15:40:48 [main] INFO  c.m.d.t.t.k.s.TwitterToKafkaServiceApplication - [Java, Microservices, Spring, Kafka, Elasticsearch]
2021-12-31 15:40:48 [main] INFO  c.m.d.t.t.k.s.TwitterToKafkaServiceApplication - Hello microservices
2021-12-31 15:40:48 [main] INFO  c.m.d.t.t.k.s.r.i.MockKafkaStreamRunner - Starting mock filtering twitter streams for keywords [Java, Microservices, Spring, Kafka, Elasticsearch]
2021-12-31 15:40:48 [pool-1-thread-1] INFO  c.m.d.t.t.k.s.r.i.MockKafkaStreamRunner - Starting simulated stream.
2021-12-31 15:42:06 [pool-1-thread-1] ERROR c.m.d.t.t.k.s.r.i.MockKafkaStreamRunner - Error creating twitter status:
java.lang.NumberFormatException: For input string: "{1}"
	at java.base/java.lang.NumberFormatException.forInputString(NumberFormatException.java:65)
	at java.base/java.lang.Long.parseLong(Long.java:692)
	at java.base/java.lang.Long.valueOf(Long.java:1144)
	at twitter4j.ParseUtil.getLong(ParseUtil.java:156)
	at twitter4j.ParseUtil.getLong(ParseUtil.java:144)
	at twitter4j.StatusJSONImpl.init(StatusJSONImpl.java:100)
	at twitter4j.StatusJSONImpl.<init>(StatusJSONImpl.java:91)
	at twitter4j.TwitterObjectFactory.createStatus(TwitterObjectFactory.java:55)
	at com.microservices.demo.twitter.to.kafka.service.runner.impl.MockKafkaStreamRunner.lambda$simulateTwitterStream$0(MockKafkaStreamRunner.java:93)
	at java.base/java.util.concurrent.Executors$RunnableAdapter.call(Executors.java:515)
	at java.base/java.util.concurrent.FutureTask.run$$$capture(FutureTask.java:264)
	at java.base/java.util.concurrent.FutureTask.run(FutureTask.java)
	at java.base/java.util.concurrent.ThreadPoolExecutor.runWorker(ThreadPoolExecutor.java:1128)
	at java.base/java.util.concurrent.ThreadPoolExecutor$Worker.run(ThreadPoolExecutor.java:628)
	at java.base/java.lang.Thread.run(Thread.java:834)
2021-12-31 15:43:05 [main] INFO  c.m.d.t.t.k.s.TwitterToKafkaServiceApplication - Starting TwitterToKafkaServiceApplication using Java 11.0.12 on DESKTOP-T2LRE8A with PID 18272 (C:\Users\User\IdeaProjects\microservices-demo\twitter-to-kafka-service\target\classes started by User in C:\Users\User\IdeaProjects\microservices-demo)
2021-12-31 15:43:05 [main] INFO  c.m.d.t.t.k.s.TwitterToKafkaServiceApplication - No active profile set, falling back to default profiles: default
2021-12-31 15:43:05 [main] INFO  c.m.d.t.t.k.s.TwitterToKafkaServiceApplication - Started TwitterToKafkaServiceApplication in 1.137 seconds (JVM running for 1.909)
2021-12-31 15:43:05 [main] INFO  c.m.d.t.t.k.s.TwitterToKafkaServiceApplication - [Java, Microservices, Spring, Kafka, Elasticsearch]
2021-12-31 15:43:05 [main] INFO  c.m.d.t.t.k.s.TwitterToKafkaServiceApplication - Hello microservices
2021-12-31 15:43:05 [main] INFO  c.m.d.t.t.k.s.r.i.MockKafkaStreamRunner - Starting mock filtering twitter streams for keywords [Java, Microservices, Spring, Kafka, Elasticsearch]
2021-12-31 15:43:06 [pool-1-thread-1] INFO  c.m.d.t.t.k.s.r.i.MockKafkaStreamRunner - Starting simulated stream.
2021-12-31 15:43:21 [pool-1-thread-1] INFO  c.m.d.t.t.k.s.l.TwitterKafkaStatusListener - Twitter status with text ipsum Fusce Maecenas sit Lorem elit sit congue posuere libero magna massa libero Elasticsearch ultricies lectus consectetuer posuere Maecenas consectetuer ultricies amet massa purus Maecenas
2021-12-31 15:43:28 [pool-1-thread-1] INFO  c.m.d.t.t.k.s.l.TwitterKafkaStatusListener - Twitter status with text posuere dolor magna sed magna purus purus sit Fusce adipiscing massa posuere ultricies Kafka Maecenas adipiscing malesuada Fusce ultricies posuere posuere malesuada massa dolor amet
2021-12-31 15:43:29 [pool-1-thread-1] INFO  c.m.d.t.t.k.s.l.TwitterKafkaStatusListener - Twitter status with text sit adipiscing pulvinar libero Elasticsearch sit congue
2021-12-31 15:43:30 [pool-1-thread-1] INFO  c.m.d.t.t.k.s.l.TwitterKafkaStatusListener - Twitter status with text lectus libero Lorem dolor malesuada ultricies massa Microservices lectus lectus Fusce libero sit
2021-12-31 15:43:31 [pool-1-thread-1] INFO  c.m.d.t.t.k.s.l.TwitterKafkaStatusListener - Twitter status with text Fusce ultricies sed sit lectus pulvinar consectetuer adipiscing posuere sit amet posuere congue Kafka Lorem libero purus massa ultricies Fusce consectetuer consectetuer lectus congue libero
2021-12-31 15:43:32 [pool-1-thread-1] INFO  c.m.d.t.t.k.s.l.TwitterKafkaStatusListener - Twitter status with text malesuada Lorem dolor dolor purus sit posuere sed lectus libero amet Elasticsearch massa sed dolor libero posuere sed consectetuer sed dolor congue
2021-12-31 15:43:33 [pool-1-thread-1] INFO  c.m.d.t.t.k.s.l.TwitterKafkaStatusListener - Twitter status with text ultricies porttitor ultricies Maecenas congue dolor posuere porttitor dolor Kafka sit consectetuer consectetuer sed sed massa Fusce magna
2021-12-31 15:43:34 [pool-1-thread-1] INFO  c.m.d.t.t.k.s.l.TwitterKafkaStatusListener - Twitter status with text consectetuer dolor lectus dolor malesuada Microservices libero dolor porttitor
2021-12-31 15:43:35 [pool-1-thread-1] INFO  c.m.d.t.t.k.s.l.TwitterKafkaStatusListener - Twitter status with text amet sit porttitor adipiscing elit Elasticsearch Fusce Lorem Maecenas lectus
2021-12-31 15:43:36 [pool-1-thread-1] INFO  c.m.d.t.t.k.s.l.TwitterKafkaStatusListener - Twitter status with text Fusce amet porttitor Lorem dolor congue pulvinar amet amet Fusce sed libero malesuada Microservices ipsum posuere libero ultricies sed Lorem malesuada malesuada malesuada Maecenas consectetuer adipiscing
2021-12-31 15:43:37 [pool-1-thread-1] INFO  c.m.d.t.t.k.s.l.TwitterKafkaStatusListener - Twitter status with text libero congue sit elit adipiscing ultricies elit adipiscing lectus sed sit sed Kafka pulvinar ipsum sit Fusce magna malesuada posuere consectetuer consectetuer malesuada Maecenas
2021-12-31 15:43:38 [pool-1-thread-1] INFO  c.m.d.t.t.k.s.l.TwitterKafkaStatusListener - Twitter status with text amet Lorem Lorem pulvinar Spring sit ipsum sed
2021-12-31 15:43:39 [pool-1-thread-1] INFO  c.m.d.t.t.k.s.l.TwitterKafkaStatusListener - Twitter status with text lectus amet dolor Elasticsearch posuere porttitor
2021-12-31 15:43:40 [pool-1-thread-1] INFO  c.m.d.t.t.k.s.l.TwitterKafkaStatusListener - Twitter status with text dolor malesuada pulvinar consectetuer congue pulvinar malesuada porttitor dolor Microservices magna porttitor libero dolor malesuada amet pulvinar amet
2021-12-31 15:43:41 [pool-1-thread-1] INFO  c.m.d.t.t.k.s.l.TwitterKafkaStatusListener - Twitter status with text adipiscing Lorem ipsum Lorem consectetuer elit magna congue lectus pulvinar consectetuer Kafka ultricies magna posuere dolor consectetuer congue porttitor malesuada purus
2021-12-31 15:43:42 [pool-1-thread-1] INFO  c.m.d.t.t.k.s.l.TwitterKafkaStatusListener - Twitter status with text adipiscing purus Lorem sed pulvinar Microservices ultricies pulvinar magna
2021-12-31 15:43:43 [pool-1-thread-1] INFO  c.m.d.t.t.k.s.l.TwitterKafkaStatusListener - Twitter status with text elit massa posuere elit elit consectetuer pulvinar Maecenas posuere Java pulvinar massa posuere porttitor purus libero ipsum amet
2021-12-31 15:43:44 [pool-1-thread-1] INFO  c.m.d.t.t.k.s.l.TwitterKafkaStatusListener - Twitter status with text posuere ultricies purus Maecenas magna purus congue amet ipsum massa adipiscing Microservices Lorem posuere sit dolor porttitor ultricies elit sed Fusce congue
2021-12-31 15:43:45 [pool-1-thread-1] INFO  c.m.d.t.t.k.s.l.TwitterKafkaStatusListener - Twitter status with text posuere purus posuere posuere Kafka lectus ipsum lectus
2021-12-31 15:43:46 [pool-1-thread-1] INFO  c.m.d.t.t.k.s.l.TwitterKafkaStatusListener - Twitter status with text massa elit ultricies dolor adipiscing magna posuere Fusce porttitor Elasticsearch ultricies pulvinar ultricies purus malesuada porttitor ultricies massa
2021-12-31 15:43:47 [pool-1-thread-1] INFO  c.m.d.t.t.k.s.l.TwitterKafkaStatusListener - Twitter status with text libero adipiscing porttitor elit adipiscing lectus massa libero libero ipsum Microservices adipiscing libero pulvinar ultricies congue Maecenas lectus ipsum
2021-12-31 15:43:51 [main] INFO  c.m.d.t.t.k.s.TwitterToKafkaServiceApplication - Starting TwitterToKafkaServiceApplication using Java 11.0.12 on DESKTOP-T2LRE8A with PID 8996 (C:\Users\User\IdeaProjects\microservices-demo\twitter-to-kafka-service\target\classes started by User in C:\Users\User\IdeaProjects\microservices-demo)
2021-12-31 15:43:51 [main] INFO  c.m.d.t.t.k.s.TwitterToKafkaServiceApplication - No active profile set, falling back to default profiles: default
2021-12-31 15:43:51 [main] INFO  c.m.d.t.t.k.s.TwitterToKafkaServiceApplication - Started TwitterToKafkaServiceApplication in 1.352 seconds (JVM running for 1.996)
2021-12-31 15:43:51 [main] INFO  c.m.d.t.t.k.s.TwitterToKafkaServiceApplication - [Java, Microservices, Spring, Kafka, Elasticsearch]
2021-12-31 15:43:51 [main] INFO  c.m.d.t.t.k.s.TwitterToKafkaServiceApplication - Hello microservices
2021-12-31 15:43:51 [main] INFO  c.m.d.t.t.k.s.r.i.MockKafkaStreamRunner - Starting mock filtering twitter streams for keywords [Java, Microservices, Spring, Kafka, Elasticsearch]
2021-12-31 15:43:51 [pool-1-thread-1] INFO  c.m.d.t.t.k.s.r.i.MockKafkaStreamRunner - Starting simulated stream.
2021-12-31 15:43:51 [pool-1-thread-1] INFO  c.m.d.t.t.k.s.l.TwitterKafkaStatusListener - Twitter status with text congue pulvinar porttitor Microservices libero ipsum
2021-12-31 15:44:01 [pool-1-thread-1] INFO  c.m.d.t.t.k.s.l.TwitterKafkaStatusListener - Twitter status with text amet libero Maecenas Microservices congue Fusce
2021-12-31 15:44:11 [pool-1-thread-1] INFO  c.m.d.t.t.k.s.l.TwitterKafkaStatusListener - Twitter status with text sit porttitor magna sit purus adipiscing purus malesuada ultricies lectus porttitor Maecenas malesuada Microservices libero purus Lorem posuere congue elit lectus consectetuer adipiscing Maecenas ultricies
2021-12-31 15:44:21 [pool-1-thread-1] INFO  c.m.d.t.t.k.s.l.TwitterKafkaStatusListener - Twitter status with text adipiscing massa consectetuer Maecenas purus consectetuer sit Fusce Kafka Lorem Lorem congue libero dolor sit
2021-12-31 15:44:31 [pool-1-thread-1] INFO  c.m.d.t.t.k.s.l.TwitterKafkaStatusListener - Twitter status with text amet libero amet pulvinar congue libero Java porttitor massa consectetuer magna
2021-12-31 15:44:41 [pool-1-thread-1] INFO  c.m.d.t.t.k.s.l.TwitterKafkaStatusListener - Twitter status with text ipsum Maecenas porttitor purus amet Lorem pulvinar sit massa Kafka congue massa consectetuer ipsum Fusce porttitor porttitor
2021-12-31 15:44:52 [pool-1-thread-1] INFO  c.m.d.t.t.k.s.l.TwitterKafkaStatusListener - Twitter status with text dolor posuere pulvinar congue Maecenas congue purus purus posuere adipiscing elit pulvinar congue Java libero consectetuer magna Maecenas elit posuere porttitor elit libero posuere libero
2021-12-31 15:45:02 [pool-1-thread-1] INFO  c.m.d.t.t.k.s.l.TwitterKafkaStatusListener - Twitter status with text adipiscing libero amet pulvinar massa congue sed malesuada magna consectetuer congue Kafka amet magna porttitor sed ipsum ipsum Fusce malesuada porttitor
2021-12-31 15:45:12 [pool-1-thread-1] INFO  c.m.d.t.t.k.s.l.TwitterKafkaStatusListener - Twitter status with text sit libero Maecenas ipsum ultricies porttitor Kafka amet sit purus sed Maecenas
2021-12-31 15:45:22 [pool-1-thread-1] INFO  c.m.d.t.t.k.s.l.TwitterKafkaStatusListener - Twitter status with text massa magna ipsum amet libero purus pulvinar Elasticsearch posuere posuere magna massa ipsum amet
2021-12-31 15:45:32 [pool-1-thread-1] INFO  c.m.d.t.t.k.s.l.TwitterKafkaStatusListener - Twitter status with text adipiscing elit sed malesuada porttitor adipiscing Java Maecenas ipsum adipiscing dolor sed
2021-12-31 15:45:42 [pool-1-thread-1] INFO  c.m.d.t.t.k.s.l.TwitterKafkaStatusListener - Twitter status with text elit Maecenas amet massa Elasticsearch porttitor adipiscing
2021-12-31 15:45:52 [pool-1-thread-1] INFO  c.m.d.t.t.k.s.l.TwitterKafkaStatusListener - Twitter status with text posuere sed ipsum pulvinar posuere posuere purus magna consectetuer Microservices magna pulvinar ultricies Lorem Maecenas adipiscing ultricies massa
2021-12-31 15:46:02 [pool-1-thread-1] INFO  c.m.d.t.t.k.s.l.TwitterKafkaStatusListener - Twitter status with text Maecenas congue massa dolor libero amet ultricies Kafka Lorem Maecenas posuere sed Fusce
2021-12-31 15:46:12 [pool-1-thread-1] INFO  c.m.d.t.t.k.s.l.TwitterKafkaStatusListener - Twitter status with text Fusce magna adipiscing elit elit Lorem magna purus sit massa purus porttitor ipsum Microservices sed posuere massa Fusce pulvinar sed Maecenas Lorem sed posuere purus
2021-12-31 15:46:22 [pool-1-thread-1] INFO  c.m.d.t.t.k.s.l.TwitterKafkaStatusListener - Twitter status with text libero amet sed sit posuere malesuada magna elit massa massa dolor Java Lorem sed dolor ultricies sit sed ipsum amet lectus
2021-12-31 15:46:32 [pool-1-thread-1] INFO  c.m.d.t.t.k.s.l.TwitterKafkaStatusListener - Twitter status with text Fusce lectus posuere porttitor adipiscing consectetuer malesuada consectetuer Microservices Fusce magna lectus consectetuer Fusce ipsum consectetuer
2021-12-31 15:46:42 [pool-1-thread-1] INFO  c.m.d.t.t.k.s.l.TwitterKafkaStatusListener - Twitter status with text sit sed Lorem consectetuer magna massa Spring massa posuere sed adipiscing
2021-12-31 15:46:52 [pool-1-thread-1] INFO  c.m.d.t.t.k.s.l.TwitterKafkaStatusListener - Twitter status with text malesuada ultricies malesuada massa posuere ipsum Maecenas libero congue Spring malesuada libero dolor lectus ultricies congue purus libero
2021-12-31 15:47:02 [pool-1-thread-1] INFO  c.m.d.t.t.k.s.l.TwitterKafkaStatusListener - Twitter status with text congue dolor consectetuer Fusce consectetuer Maecenas massa Maecenas Elasticsearch malesuada pulvinar dolor ipsum massa congue
2021-12-31 15:47:12 [pool-1-thread-1] INFO  c.m.d.t.t.k.s.l.TwitterKafkaStatusListener - Twitter status with text Maecenas Lorem posuere porttitor consectetuer adipiscing elit consectetuer Lorem malesuada malesuada sed Kafka massa pulvinar porttitor consectetuer Lorem ultricies Maecenas Lorem sit ultricies
2021-12-31 15:47:22 [pool-1-thread-1] INFO  c.m.d.t.t.k.s.l.TwitterKafkaStatusListener - Twitter status with text sit magna massa posuere dolor libero Microservices pulvinar pulvinar Fusce porttitor posuere
2021-12-31 15:47:32 [pool-1-thread-1] INFO  c.m.d.t.t.k.s.l.TwitterKafkaStatusListener - Twitter status with text consectetuer elit libero dolor magna Fusce libero Spring massa congue massa porttitor congue ultricies
2021-12-31 15:47:42 [pool-1-thread-1] INFO  c.m.d.t.t.k.s.l.TwitterKafkaStatusListener - Twitter status with text sit sit Maecenas Elasticsearch malesuada massa
2021-12-31 15:47:52 [pool-1-thread-1] INFO  c.m.d.t.t.k.s.l.TwitterKafkaStatusListener - Twitter status with text purus amet dolor sed Spring lectus malesuada ipsum
2021-12-31 15:48:02 [pool-1-thread-1] INFO  c.m.d.t.t.k.s.l.TwitterKafkaStatusListener - Twitter status with text massa massa libero massa congue dolor Maecenas dolor Spring amet congue pulvinar pulvinar ipsum Maecenas amet
2021-12-31 15:48:12 [pool-1-thread-1] INFO  c.m.d.t.t.k.s.l.TwitterKafkaStatusListener - Twitter status with text Maecenas malesuada Lorem lectus pulvinar massa libero lectus purus amet posuere Kafka porttitor purus posuere malesuada sed lectus purus magna consectetuer lectus
2021-12-31 15:48:22 [pool-1-thread-1] INFO  c.m.d.t.t.k.s.l.TwitterKafkaStatusListener - Twitter status with text sed sed sit amet adipiscing porttitor pulvinar malesuada Maecenas ultricies Kafka massa Lorem lectus lectus Lorem libero lectus malesuada
2021-12-31 15:48:32 [pool-1-thread-1] INFO  c.m.d.t.t.k.s.l.TwitterKafkaStatusListener - Twitter status with text sit consectetuer magna Maecenas sit adipiscing congue Spring ipsum congue sed pulvinar massa
2021-12-31 15:48:42 [pool-1-thread-1] INFO  c.m.d.t.t.k.s.l.TwitterKafkaStatusListener - Twitter status with text massa amet purus purus massa ipsum ultricies adipiscing ultricies magna amet Lorem Elasticsearch libero amet purus dolor purus posuere Maecenas lectus Fusce consectetuer
2021-12-31 15:48:52 [pool-1-thread-1] INFO  c.m.d.t.t.k.s.l.TwitterKafkaStatusListener - Twitter status with text consectetuer libero porttitor Microservices ipsum ipsum
2021-12-31 15:49:02 [pool-1-thread-1] INFO  c.m.d.t.t.k.s.l.TwitterKafkaStatusListener - Twitter status with text elit ipsum dolor dolor Fusce elit sed Fusce lectus malesuada ultricies sed Spring Maecenas ipsum ipsum consectetuer ultricies pulvinar Lorem consectetuer sed libero libero
2021-12-31 15:49:12 [pool-1-thread-1] INFO  c.m.d.t.t.k.s.l.TwitterKafkaStatusListener - Twitter status with text libero posuere ipsum magna Fusce congue adipiscing massa amet sit massa Maecenas Java ultricies Lorem amet ultricies sed posuere malesuada dolor porttitor Lorem
2021-12-31 15:49:22 [pool-1-thread-1] INFO  c.m.d.t.t.k.s.l.TwitterKafkaStatusListener - Twitter status with text ultricies dolor elit sed ultricies pulvinar ultricies porttitor massa Maecenas Kafka ipsum purus malesuada adipiscing posuere amet sed congue massa
2021-12-31 15:49:32 [pool-1-thread-1] INFO  c.m.d.t.t.k.s.l.TwitterKafkaStatusListener - Twitter status with text Maecenas sed magna posuere purus Java malesuada Maecenas ultricies
2021-12-31 15:49:42 [pool-1-thread-1] INFO  c.m.d.t.t.k.s.l.TwitterKafkaStatusListener - Twitter status with text sed Maecenas ipsum Microservices pulvinar adipiscing
2021-12-31 15:49:52 [pool-1-thread-1] INFO  c.m.d.t.t.k.s.l.TwitterKafkaStatusListener - Twitter status with text sed elit sit malesuada pulvinar elit lectus malesuada sit Kafka adipiscing pulvinar Maecenas porttitor libero congue ultricies
2021-12-31 15:50:02 [pool-1-thread-1] INFO  c.m.d.t.t.k.s.l.TwitterKafkaStatusListener - Twitter status with text Maecenas ultricies porttitor Fusce Maecenas Java malesuada porttitor porttitor ipsum
2021-12-31 15:50:12 [pool-1-thread-1] INFO  c.m.d.t.t.k.s.l.TwitterKafkaStatusListener - Twitter status with text Fusce elit congue adipiscing magna Microservices adipiscing magna ipsum Lorem
2021-12-31 15:50:22 [pool-1-thread-1] INFO  c.m.d.t.t.k.s.l.TwitterKafkaStatusListener - Twitter status with text ipsum dolor porttitor ipsum purus malesuada congue sit consectetuer Fusce Microservices sit purus porttitor amet porttitor Fusce Lorem purus elit
2021-12-31 15:50:32 [pool-1-thread-1] INFO  c.m.d.t.t.k.s.l.TwitterKafkaStatusListener - Twitter status with text consectetuer Fusce ultricies Maecenas libero elit congue sit consectetuer magna Microservices posuere magna Fusce porttitor amet posuere Fusce libero massa
2021-12-31 15:50:42 [pool-1-thread-1] INFO  c.m.d.t.t.k.s.l.TwitterKafkaStatusListener - Twitter status with text massa consectetuer purus posuere lectus lectus Spring amet ipsum adipiscing pulvinar malesuada
2021-12-31 15:50:52 [pool-1-thread-1] INFO  c.m.d.t.t.k.s.l.TwitterKafkaStatusListener - Twitter status with text Lorem lectus massa magna libero ultricies posuere sed massa Microservices elit lectus sed porttitor porttitor ipsum sed Fusce
2021-12-31 15:51:02 [pool-1-thread-1] INFO  c.m.d.t.t.k.s.l.TwitterKafkaStatusListener - Twitter status with text Lorem malesuada magna Maecenas posuere malesuada malesuada Kafka Maecenas magna purus malesuada Fusce libero
2021-12-31 15:51:12 [pool-1-thread-1] INFO  c.m.d.t.t.k.s.l.TwitterKafkaStatusListener - Twitter status with text Lorem malesuada libero pulvinar Elasticsearch porttitor adipiscing Lorem
2021-12-31 15:51:22 [pool-1-thread-1] INFO  c.m.d.t.t.k.s.l.TwitterKafkaStatusListener - Twitter status with text sed Lorem elit Kafka adipiscing amet
2021-12-31 15:51:32 [pool-1-thread-1] INFO  c.m.d.t.t.k.s.l.TwitterKafkaStatusListener - Twitter status with text ipsum amet libero consectetuer pulvinar Fusce ipsum dolor ultricies Lorem magna ultricies Spring magna congue libero posuere Lorem sed consectetuer ipsum Maecenas elit sed
2021-12-31 15:51:42 [pool-1-thread-1] INFO  c.m.d.t.t.k.s.l.TwitterKafkaStatusListener - Twitter status with text posuere posuere adipiscing magna porttitor libero Spring porttitor porttitor libero posuere
2021-12-31 15:51:52 [pool-1-thread-1] INFO  c.m.d.t.t.k.s.l.TwitterKafkaStatusListener - Twitter status with text libero Lorem Fusce posuere adipiscing amet lectus elit Kafka ipsum posuere sit amet consectetuer sit magna
2021-12-31 15:52:02 [pool-1-thread-1] INFO  c.m.d.t.t.k.s.l.TwitterKafkaStatusListener - Twitter status with text consectetuer ipsum lectus libero posuere porttitor sed Elasticsearch lectus posuere purus elit sit
2021-12-31 15:52:12 [pool-1-thread-1] INFO  c.m.d.t.t.k.s.l.TwitterKafkaStatusListener - Twitter status with text porttitor pulvinar amet porttitor Maecenas lectus amet purus ipsum consectetuer Microservices magna pulvinar ultricies amet Maecenas libero sit ultricies libero
2021-12-31 15:52:22 [pool-1-thread-1] INFO  c.m.d.t.t.k.s.l.TwitterKafkaStatusListener - Twitter status with text amet adipiscing purus Microservices malesuada Lorem
2021-12-31 15:52:32 [pool-1-thread-1] INFO  c.m.d.t.t.k.s.l.TwitterKafkaStatusListener - Twitter status with text purus dolor Lorem pulvinar malesuada sed purus Spring consectetuer posuere ultricies consectetuer Maecenas massa
2021-12-31 15:52:42 [pool-1-thread-1] INFO  c.m.d.t.t.k.s.l.TwitterKafkaStatusListener - Twitter status with text libero malesuada purus Fusce posuere adipiscing ipsum consectetuer purus magna Lorem Lorem Maecenas Java libero pulvinar posuere porttitor adipiscing dolor adipiscing amet ultricies pulvinar porttitor posuere
2021-12-31 15:52:52 [pool-1-thread-1] INFO  c.m.d.t.t.k.s.l.TwitterKafkaStatusListener - Twitter status with text adipiscing adipiscing elit adipiscing Fusce consectetuer Spring consectetuer amet Fusce Maecenas
2021-12-31 15:53:02 [pool-1-thread-1] INFO  c.m.d.t.t.k.s.l.TwitterKafkaStatusListener - Twitter status with text purus malesuada massa congue amet Maecenas consectetuer sit porttitor amet Microservices ultricies Fusce sed sed dolor massa massa Maecenas Maecenas
2021-12-31 15:53:12 [pool-1-thread-1] INFO  c.m.d.t.t.k.s.l.TwitterKafkaStatusListener - Twitter status with text sit libero magna libero Kafka elit lectus
2021-12-31 15:53:22 [pool-1-thread-1] INFO  c.m.d.t.t.k.s.l.TwitterKafkaStatusListener - Twitter status with text Maecenas malesuada lectus Fusce Microservices lectus ipsum amet
2021-12-31 15:53:32 [pool-1-thread-1] INFO  c.m.d.t.t.k.s.l.TwitterKafkaStatusListener - Twitter status with text ultricies purus malesuada ipsum adipiscing elit Elasticsearch congue ultricies Fusce ultricies sit
2021-12-31 15:53:42 [pool-1-thread-1] INFO  c.m.d.t.t.k.s.l.TwitterKafkaStatusListener - Twitter status with text Lorem adipiscing malesuada sit lectus sed lectus porttitor porttitor amet massa Elasticsearch Maecenas consectetuer pulvinar consectetuer magna lectus Lorem amet consectetuer
2021-12-31 15:53:52 [pool-1-thread-1] INFO  c.m.d.t.t.k.s.l.TwitterKafkaStatusListener - Twitter status with text sit congue porttitor ipsum dolor amet adipiscing Microservices Fusce magna dolor libero sit
2021-12-31 15:54:02 [pool-1-thread-1] INFO  c.m.d.t.t.k.s.l.TwitterKafkaStatusListener - Twitter status with text amet Fusce sit consectetuer consectetuer magna pulvinar amet adipiscing Kafka libero sit pulvinar posuere ultricies lectus congue porttitor
2021-12-31 15:54:12 [pool-1-thread-1] INFO  c.m.d.t.t.k.s.l.TwitterKafkaStatusListener - Twitter status with text dolor posuere posuere libero sed amet purus Fusce Microservices libero Lorem sit porttitor Maecenas elit
2021-12-31 15:54:22 [pool-1-thread-1] INFO  c.m.d.t.t.k.s.l.TwitterKafkaStatusListener - Twitter status with text elit Fusce Fusce Lorem massa lectus sit libero ipsum porttitor porttitor massa Kafka sed adipiscing posuere adipiscing ultricies sed pulvinar dolor congue elit
2021-12-31 15:54:32 [pool-1-thread-1] INFO  c.m.d.t.t.k.s.l.TwitterKafkaStatusListener - Twitter status with text malesuada sit Lorem magna Fusce consectetuer porttitor Elasticsearch massa ipsum consectetuer sit ultricies posuere
2021-12-31 15:54:42 [pool-1-thread-1] INFO  c.m.d.t.t.k.s.l.TwitterKafkaStatusListener - Twitter status with text posuere sed sit porttitor Lorem dolor libero sed congue sed dolor dolor Elasticsearch elit libero sed adipiscing purus libero magna malesuada libero posuere amet
2021-12-31 15:54:52 [pool-1-thread-1] INFO  c.m.d.t.t.k.s.l.TwitterKafkaStatusListener - Twitter status with text sed Fusce sed massa Microservices dolor Lorem consectetuer
2021-12-31 15:55:02 [pool-1-thread-1] INFO  c.m.d.t.t.k.s.l.TwitterKafkaStatusListener - Twitter status with text massa Lorem Maecenas ultricies congue purus massa amet elit Kafka elit sed massa Fusce purus congue malesuada sed
2021-12-31 15:55:12 [pool-1-thread-1] INFO  c.m.d.t.t.k.s.l.TwitterKafkaStatusListener - Twitter status with text sed adipiscing lectus consectetuer sed Maecenas purus porttitor Java dolor dolor Lorem sed posuere lectus
2021-12-31 15:55:22 [pool-1-thread-1] INFO  c.m.d.t.t.k.s.l.TwitterKafkaStatusListener - Twitter status with text Maecenas Maecenas ultricies lectus Kafka amet Maecenas
2021-12-31 15:55:32 [pool-1-thread-1] INFO  c.m.d.t.t.k.s.l.TwitterKafkaStatusListener - Twitter status with text malesuada amet congue amet elit amet pulvinar ipsum libero Fusce massa adipiscing Java congue ultricies adipiscing ultricies ultricies massa ipsum consectetuer posuere elit
2021-12-31 15:55:42 [pool-1-thread-1] INFO  c.m.d.t.t.k.s.l.TwitterKafkaStatusListener - Twitter status with text porttitor Lorem magna libero Elasticsearch adipiscing posuere posuere
2021-12-31 15:55:52 [pool-1-thread-1] INFO  c.m.d.t.t.k.s.l.TwitterKafkaStatusListener - Twitter status with text posuere elit porttitor congue malesuada sit congue Maecenas pulvinar Kafka lectus ultricies consectetuer Lorem magna ipsum Fusce
2021-12-31 15:56:02 [pool-1-thread-1] INFO  c.m.d.t.t.k.s.l.TwitterKafkaStatusListener - Twitter status with text posuere Lorem sit libero malesuada Elasticsearch Fusce libero sed
2021-12-31 15:56:12 [pool-1-thread-1] INFO  c.m.d.t.t.k.s.l.TwitterKafkaStatusListener - Twitter status with text Fusce lectus elit sed malesuada Spring sed massa lectus sit
2021-12-31 15:56:22 [pool-1-thread-1] INFO  c.m.d.t.t.k.s.l.TwitterKafkaStatusListener - Twitter status with text malesuada Fusce Lorem porttitor lectus pulvinar ultricies amet amet Kafka ipsum consectetuer purus malesuada amet ultricies magna
2021-12-31 15:56:32 [pool-1-thread-1] INFO  c.m.d.t.t.k.s.l.TwitterKafkaStatusListener - Twitter status with text Lorem malesuada ipsum libero porttitor lectus ultricies elit adipiscing sit Java purus adipiscing congue massa pulvinar libero Maecenas porttitor
2021-12-31 15:56:42 [pool-1-thread-1] INFO  c.m.d.t.t.k.s.l.TwitterKafkaStatusListener - Twitter status with text porttitor ipsum dolor ultricies elit adipiscing pulvinar porttitor Java congue libero libero elit posuere pulvinar lectus
2021-12-31 15:56:52 [pool-1-thread-1] INFO  c.m.d.t.t.k.s.l.TwitterKafkaStatusListener - Twitter status with text congue pulvinar Maecenas congue consectetuer sed purus libero posuere adipiscing libero sed Java magna congue Lorem sit sit sit purus consectetuer ultricies lectus posuere
2021-12-31 15:57:02 [pool-1-thread-1] INFO  c.m.d.t.t.k.s.l.TwitterKafkaStatusListener - Twitter status with text elit elit adipiscing posuere magna posuere Microservices amet posuere malesuada massa
2021-12-31 15:57:12 [pool-1-thread-1] INFO  c.m.d.t.t.k.s.l.TwitterKafkaStatusListener - Twitter status with text porttitor libero malesuada Lorem amet consectetuer congue purus Kafka purus massa lectus ipsum sed magna Lorem
2021-12-31 15:57:22 [pool-1-thread-1] INFO  c.m.d.t.t.k.s.l.TwitterKafkaStatusListener - Twitter status with text Maecenas porttitor elit lectus Fusce Java libero ultricies congue malesuada
2021-12-31 15:57:32 [pool-1-thread-1] INFO  c.m.d.t.t.k.s.l.TwitterKafkaStatusListener - Twitter status with text malesuada ipsum lectus sed ultricies porttitor adipiscing sed libero malesuada malesuada elit malesuada Java ultricies Lorem Maecenas malesuada posuere adipiscing elit posuere malesuada pulvinar congue adipiscing
2021-12-31 15:57:42 [pool-1-thread-1] INFO  c.m.d.t.t.k.s.l.TwitterKafkaStatusListener - Twitter status with text purus adipiscing Lorem ipsum magna sed lectus Kafka magna adipiscing sit Maecenas ultricies
2021-12-31 15:57:52 [pool-1-thread-1] INFO  c.m.d.t.t.k.s.l.TwitterKafkaStatusListener - Twitter status with text sed libero ipsum sit porttitor sed purus sit Elasticsearch dolor adipiscing dolor ultricies ipsum ipsum
2021-12-31 15:58:02 [pool-1-thread-1] INFO  c.m.d.t.t.k.s.l.TwitterKafkaStatusListener - Twitter status with text Lorem elit Fusce pulvinar Maecenas massa malesuada massa porttitor Java adipiscing sit magna porttitor magna sit amet
2021-12-31 15:58:12 [pool-1-thread-1] INFO  c.m.d.t.t.k.s.l.TwitterKafkaStatusListener - Twitter status with text sit porttitor amet dolor lectus dolor congue Kafka congue purus Maecenas Fusce congue posuere
2021-12-31 15:58:22 [pool-1-thread-1] INFO  c.m.d.t.t.k.s.l.TwitterKafkaStatusListener - Twitter status with text pulvinar Lorem elit sed consectetuer dolor adipiscing elit malesuada amet pulvinar Microservices dolor magna posuere sit porttitor posuere magna posuere consectetuer
2021-12-31 15:58:32 [pool-1-thread-1] INFO  c.m.d.t.t.k.s.l.TwitterKafkaStatusListener - Twitter status with text ultricies lectus ipsum ultricies sit consectetuer magna congue consectetuer congue porttitor ultricies Microservices magna adipiscing pulvinar dolor lectus ultricies libero congue purus amet libero
2021-12-31 15:58:42 [pool-1-thread-1] INFO  c.m.d.t.t.k.s.l.TwitterKafkaStatusListener - Twitter status with text massa dolor Maecenas ipsum Maecenas libero Fusce libero magna ultricies Java Lorem posuere elit Lorem malesuada sed sit magna Lorem
2021-12-31 15:58:52 [pool-1-thread-1] INFO  c.m.d.t.t.k.s.l.TwitterKafkaStatusListener - Twitter status with text malesuada massa dolor pulvinar Maecenas malesuada Java congue malesuada libero dolor Fusce
2021-12-31 15:59:02 [pool-1-thread-1] INFO  c.m.d.t.t.k.s.l.TwitterKafkaStatusListener - Twitter status with text lectus sed congue libero sit lectus libero sit Maecenas Microservices purus amet Fusce congue amet dolor congue
2021-12-31 15:59:12 [pool-1-thread-1] INFO  c.m.d.t.t.k.s.l.TwitterKafkaStatusListener - Twitter status with text magna Maecenas sit ultricies Java Lorem massa pulvinar
2021-12-31 15:59:22 [pool-1-thread-1] INFO  c.m.d.t.t.k.s.l.TwitterKafkaStatusListener - Twitter status with text sed lectus elit amet Kafka massa Fusce ipsum
2021-12-31 15:59:32 [pool-1-thread-1] INFO  c.m.d.t.t.k.s.l.TwitterKafkaStatusListener - Twitter status with text purus consectetuer Maecenas malesuada massa lectus lectus Kafka consectetuer Fusce lectus lectus ipsum
2021-12-31 15:59:42 [pool-1-thread-1] INFO  c.m.d.t.t.k.s.l.TwitterKafkaStatusListener - Twitter status with text Fusce sed sed ipsum elit pulvinar Elasticsearch Lorem Maecenas dolor consectetuer Fusce
2021-12-31 15:59:52 [pool-1-thread-1] INFO  c.m.d.t.t.k.s.l.TwitterKafkaStatusListener - Twitter status with text magna elit sed posuere ultricies sed sed porttitor Spring massa Fusce consectetuer porttitor adipiscing posuere
2021-12-31 16:00:02 [pool-1-thread-1] INFO  c.m.d.t.t.k.s.l.TwitterKafkaStatusListener - Twitter status with text ipsum purus massa posuere Fusce pulvinar dolor purus Maecenas Spring elit libero Maecenas consectetuer sed Fusce magna magna
2021-12-31 16:00:12 [pool-1-thread-1] INFO  c.m.d.t.t.k.s.l.TwitterKafkaStatusListener - Twitter status with text purus posuere malesuada sit massa Maecenas Lorem Elasticsearch adipiscing Fusce ipsum dolor porttitor
2021-12-31 16:00:22 [pool-1-thread-1] INFO  c.m.d.t.t.k.s.l.TwitterKafkaStatusListener - Twitter status with text magna Lorem elit consectetuer sit porttitor consectetuer magna magna adipiscing Fusce adipiscing libero Kafka amet congue massa adipiscing libero sed sit pulvinar adipiscing lectus congue ultricies
2021-12-31 16:00:32 [pool-1-thread-1] INFO  c.m.d.t.t.k.s.l.TwitterKafkaStatusListener - Twitter status with text magna amet Maecenas purus Spring Lorem Maecenas Fusce
2021-12-31 16:00:42 [pool-1-thread-1] INFO  c.m.d.t.t.k.s.l.TwitterKafkaStatusListener - Twitter status with text Fusce elit Lorem magna lectus ultricies pulvinar purus massa purus Elasticsearch purus Lorem magna porttitor amet posuere ipsum Lorem
2021-12-31 16:00:52 [pool-1-thread-1] INFO  c.m.d.t.t.k.s.l.TwitterKafkaStatusListener - Twitter status with text elit libero sed malesuada amet amet Microservices sit porttitor amet consectetuer
2021-12-31 16:01:02 [pool-1-thread-1] INFO  c.m.d.t.t.k.s.l.TwitterKafkaStatusListener - Twitter status with text malesuada adipiscing libero magna consectetuer congue porttitor posuere dolor purus consectetuer porttitor Microservices Lorem libero dolor magna malesuada Lorem ultricies Lorem sit porttitor
2021-12-31 16:01:12 [pool-1-thread-1] INFO  c.m.d.t.t.k.s.l.TwitterKafkaStatusListener - Twitter status with text libero sit consectetuer Maecenas elit massa consectetuer Lorem consectetuer pulvinar Elasticsearch Lorem ipsum purus magna porttitor amet congue Maecenas
2021-12-31 16:01:22 [pool-1-thread-1] INFO  c.m.d.t.t.k.s.l.TwitterKafkaStatusListener - Twitter status with text magna porttitor sed congue Lorem libero Spring porttitor amet sit porttitor malesuada
2021-12-31 16:01:32 [pool-1-thread-1] INFO  c.m.d.t.t.k.s.l.TwitterKafkaStatusListener - Twitter status with text pulvinar massa dolor elit sit massa sit libero amet Fusce Spring lectus pulvinar ipsum massa consectetuer porttitor dolor posuere pulvinar
2021-12-31 16:01:42 [pool-1-thread-1] INFO  c.m.d.t.t.k.s.l.TwitterKafkaStatusListener - Twitter status with text adipiscing purus elit libero dolor ipsum lectus Spring porttitor Maecenas Lorem Fusce Fusce libero
2021-12-31 16:01:52 [pool-1-thread-1] INFO  c.m.d.t.t.k.s.l.TwitterKafkaStatusListener - Twitter status with text adipiscing ultricies dolor Fusce purus magna lectus purus sed elit sit porttitor Java malesuada consectetuer amet sit massa consectetuer consectetuer ultricies elit elit ultricies
2021-12-31 16:02:02 [pool-1-thread-1] INFO  c.m.d.t.t.k.s.l.TwitterKafkaStatusListener - Twitter status with text porttitor sit congue lectus consectetuer sed posuere elit Microservices adipiscing ipsum dolor purus pulvinar lectus sed
2021-12-31 16:02:12 [pool-1-thread-1] INFO  c.m.d.t.t.k.s.l.TwitterKafkaStatusListener - Twitter status with text Maecenas Fusce malesuada dolor dolor Elasticsearch Maecenas malesuada massa sit
2021-12-31 16:02:22 [pool-1-thread-1] INFO  c.m.d.t.t.k.s.l.TwitterKafkaStatusListener - Twitter status with text ipsum congue Fusce Maecenas congue lectus ultricies Maecenas amet malesuada sed sit massa Elasticsearch Lorem ultricies amet ultricies dolor adipiscing ipsum malesuada Fusce ipsum Fusce purus
2021-12-31 16:02:32 [pool-1-thread-1] INFO  c.m.d.t.t.k.s.l.TwitterKafkaStatusListener - Twitter status with text pulvinar Lorem ultricies sed massa magna posuere Microservices dolor dolor sit ipsum elit
2021-12-31 16:02:42 [pool-1-thread-1] INFO  c.m.d.t.t.k.s.l.TwitterKafkaStatusListener - Twitter status with text purus Lorem magna magna magna dolor malesuada Microservices ipsum malesuada ultricies sit posuere
2021-12-31 16:02:52 [pool-1-thread-1] INFO  c.m.d.t.t.k.s.l.TwitterKafkaStatusListener - Twitter status with text libero sit dolor Fusce ultricies Fusce malesuada consectetuer porttitor Elasticsearch congue ultricies Fusce lectus magna consectetuer purus ipsum
2021-12-31 16:03:02 [pool-1-thread-1] INFO  c.m.d.t.t.k.s.l.TwitterKafkaStatusListener - Twitter status with text sed sit purus congue ultricies sit lectus Spring sed consectetuer posuere magna Maecenas congue
2021-12-31 16:03:12 [pool-1-thread-1] INFO  c.m.d.t.t.k.s.l.TwitterKafkaStatusListener - Twitter status with text magna magna magna Maecenas massa sit dolor malesuada congue pulvinar Spring pulvinar sit lectus malesuada Lorem ultricies pulvinar ultricies magna
2021-12-31 16:03:22 [pool-1-thread-1] INFO  c.m.d.t.t.k.s.l.TwitterKafkaStatusListener - Twitter status with text posuere dolor posuere libero porttitor Microservices elit sed elit
2021-12-31 16:03:32 [pool-1-thread-1] INFO  c.m.d.t.t.k.s.l.TwitterKafkaStatusListener - Twitter status with text dolor dolor congue malesuada lectus consectetuer ipsum elit elit porttitor Fusce Maecenas adipiscing Spring lectus Fusce elit elit lectus dolor Fusce porttitor ipsum consectetuer Lorem Fusce
2021-12-31 16:03:42 [pool-1-thread-1] INFO  c.m.d.t.t.k.s.l.TwitterKafkaStatusListener - Twitter status with text posuere posuere magna congue sit elit adipiscing Fusce consectetuer amet massa sed pulvinar Microservices sed Fusce libero congue purus sed Maecenas pulvinar ultricies adipiscing Maecenas sed
2021-12-31 16:03:52 [pool-1-thread-1] INFO  c.m.d.t.t.k.s.l.TwitterKafkaStatusListener - Twitter status with text lectus lectus libero purus pulvinar ultricies Microservices amet pulvinar magna Maecenas consectetuer
2021-12-31 16:04:02 [pool-1-thread-1] INFO  c.m.d.t.t.k.s.l.TwitterKafkaStatusListener - Twitter status with text amet posuere purus Maecenas sit adipiscing purus Kafka congue porttitor ultricies consectetuer purus
2021-12-31 16:04:13 [pool-1-thread-1] INFO  c.m.d.t.t.k.s.l.TwitterKafkaStatusListener - Twitter status with text Lorem sit purus amet libero massa ultricies malesuada libero Kafka amet ipsum dolor massa dolor porttitor ipsum
2021-12-31 16:04:23 [pool-1-thread-1] INFO  c.m.d.t.t.k.s.l.TwitterKafkaStatusListener - Twitter status with text sed elit libero dolor posuere sit elit Kafka posuere consectetuer amet pulvinar ultricies
2021-12-31 16:04:33 [pool-1-thread-1] INFO  c.m.d.t.t.k.s.l.TwitterKafkaStatusListener - Twitter status with text magna ultricies lectus adipiscing amet massa elit lectus Java pulvinar adipiscing sed adipiscing sit ultricies consectetuer
2021-12-31 16:04:43 [pool-1-thread-1] INFO  c.m.d.t.t.k.s.l.TwitterKafkaStatusListener - Twitter status with text adipiscing amet sit ultricies porttitor purus posuere Fusce adipiscing Elasticsearch purus porttitor magna porttitor purus malesuada adipiscing
2021-12-31 16:04:53 [pool-1-thread-1] INFO  c.m.d.t.t.k.s.l.TwitterKafkaStatusListener - Twitter status with text sit purus massa Elasticsearch porttitor amet
2021-12-31 16:05:03 [pool-1-thread-1] INFO  c.m.d.t.t.k.s.l.TwitterKafkaStatusListener - Twitter status with text Lorem ultricies posuere purus ipsum Elasticsearch amet sed consectetuer
2021-12-31 16:05:13 [pool-1-thread-1] INFO  c.m.d.t.t.k.s.l.TwitterKafkaStatusListener - Twitter status with text consectetuer posuere Maecenas Elasticsearch amet ultricies
2021-12-31 16:05:23 [pool-1-thread-1] INFO  c.m.d.t.t.k.s.l.TwitterKafkaStatusListener - Twitter status with text consectetuer libero ipsum Elasticsearch purus dolor
2021-12-31 16:05:33 [pool-1-thread-1] INFO  c.m.d.t.t.k.s.l.TwitterKafkaStatusListener - Twitter status with text Fusce libero congue elit pulvinar dolor amet dolor ultricies sed Spring magna dolor congue Maecenas pulvinar malesuada dolor pulvinar
2021-12-31 16:05:43 [pool-1-thread-1] INFO  c.m.d.t.t.k.s.l.TwitterKafkaStatusListener - Twitter status with text pulvinar libero libero ultricies congue congue porttitor porttitor libero elit Kafka ultricies consectetuer malesuada libero sit elit congue sit
2021-12-31 16:05:53 [pool-1-thread-1] INFO  c.m.d.t.t.k.s.l.TwitterKafkaStatusListener - Twitter status with text ipsum ultricies consectetuer consectetuer ultricies elit adipiscing ipsum porttitor dolor congue consectetuer Elasticsearch sed libero sed massa sit magna dolor elit sit malesuada purus
2021-12-31 16:06:03 [pool-1-thread-1] INFO  c.m.d.t.t.k.s.l.TwitterKafkaStatusListener - Twitter status with text elit Maecenas Maecenas Microservices dolor posuere
2021-12-31 16:06:13 [pool-1-thread-1] INFO  c.m.d.t.t.k.s.l.TwitterKafkaStatusListener - Twitter status with text elit congue congue elit sit amet ipsum purus dolor lectus dolor Fusce lectus Java ultricies amet elit purus consectetuer ultricies dolor porttitor Fusce sed ultricies Fusce
2021-12-31 16:06:23 [pool-1-thread-1] INFO  c.m.d.t.t.k.s.l.TwitterKafkaStatusListener - Twitter status with text purus sed Lorem pulvinar adipiscing consectetuer purus Java massa amet libero consectetuer adipiscing
2021-12-31 16:06:33 [pool-1-thread-1] INFO  c.m.d.t.t.k.s.l.TwitterKafkaStatusListener - Twitter status with text ultricies Fusce ultricies magna dolor ultricies porttitor congue pulvinar sed congue congue Elasticsearch Maecenas dolor ipsum sed congue elit Lorem purus dolor lectus
2021-12-31 16:06:43 [pool-1-thread-1] INFO  c.m.d.t.t.k.s.l.TwitterKafkaStatusListener - Twitter status with text libero congue porttitor lectus malesuada Elasticsearch Fusce magna elit
2021-12-31 16:06:53 [pool-1-thread-1] INFO  c.m.d.t.t.k.s.l.TwitterKafkaStatusListener - Twitter status with text dolor sit sed amet sed Fusce Elasticsearch libero massa ipsum amet Lorem
2021-12-31 16:07:03 [pool-1-thread-1] INFO  c.m.d.t.t.k.s.l.TwitterKafkaStatusListener - Twitter status with text lectus sed ultricies sit magna Lorem posuere dolor massa Lorem pulvinar Java magna malesuada Lorem Fusce purus massa ipsum elit consectetuer dolor
2021-12-31 16:07:13 [pool-1-thread-1] INFO  c.m.d.t.t.k.s.l.TwitterKafkaStatusListener - Twitter status with text libero porttitor libero amet Fusce purus sit Microservices elit Fusce consectetuer adipiscing malesuada
2021-12-31 16:07:23 [pool-1-thread-1] INFO  c.m.d.t.t.k.s.l.TwitterKafkaStatusListener - Twitter status with text libero Fusce adipiscing pulvinar Microservices pulvinar sit porttitor
2021-12-31 16:07:33 [pool-1-thread-1] INFO  c.m.d.t.t.k.s.l.TwitterKafkaStatusListener - Twitter status with text lectus lectus porttitor congue ultricies ipsum Lorem sed Microservices elit ipsum ultricies elit lectus magna libero
2021-12-31 16:07:43 [pool-1-thread-1] INFO  c.m.d.t.t.k.s.l.TwitterKafkaStatusListener - Twitter status with text posuere libero Fusce dolor consectetuer magna sit sed dolor porttitor congue libero Kafka sed Maecenas ipsum Lorem pulvinar ipsum Maecenas Lorem Fusce dolor
2021-12-31 16:07:53 [pool-1-thread-1] INFO  c.m.d.t.t.k.s.l.TwitterKafkaStatusListener - Twitter status with text dolor massa porttitor elit libero sit Maecenas Lorem libero Kafka sed malesuada dolor magna magna lectus lectus
2021-12-31 16:08:03 [pool-1-thread-1] INFO  c.m.d.t.t.k.s.l.TwitterKafkaStatusListener - Twitter status with text Maecenas lectus Maecenas amet ultricies dolor purus pulvinar sit elit malesuada Kafka ipsum libero porttitor elit Fusce elit Maecenas Maecenas elit Fusce
2021-12-31 16:08:13 [pool-1-thread-1] INFO  c.m.d.t.t.k.s.l.TwitterKafkaStatusListener - Twitter status with text congue amet posuere elit posuere libero adipiscing elit lectus Lorem congue Maecenas Elasticsearch adipiscing ultricies magna porttitor libero magna elit dolor libero elit
2021-12-31 16:08:23 [pool-1-thread-1] INFO  c.m.d.t.t.k.s.l.TwitterKafkaStatusListener - Twitter status with text amet pulvinar ultricies congue Java Fusce Fusce
2021-12-31 16:08:33 [pool-1-thread-1] INFO  c.m.d.t.t.k.s.l.TwitterKafkaStatusListener - Twitter status with text Fusce porttitor ultricies Fusce malesuada purus sit ultricies libero adipiscing sit Java malesuada consectetuer elit elit porttitor ultricies lectus porttitor amet sed
2021-12-31 16:08:43 [pool-1-thread-1] INFO  c.m.d.t.t.k.s.l.TwitterKafkaStatusListener - Twitter status with text amet ipsum congue Maecenas libero purus sit ultricies sed libero ipsum sed ultricies Kafka sit malesuada amet malesuada elit Fusce ipsum sed pulvinar malesuada porttitor porttitor
2021-12-31 16:08:53 [pool-1-thread-1] INFO  c.m.d.t.t.k.s.l.TwitterKafkaStatusListener - Twitter status with text massa sed elit adipiscing lectus porttitor Elasticsearch porttitor amet porttitor amet ultricies
2021-12-31 16:09:03 [pool-1-thread-1] INFO  c.m.d.t.t.k.s.l.TwitterKafkaStatusListener - Twitter status with text sit congue posuere elit porttitor Kafka ultricies congue Fusce amet
2021-12-31 16:09:13 [pool-1-thread-1] INFO  c.m.d.t.t.k.s.l.TwitterKafkaStatusListener - Twitter status with text libero malesuada lectus adipiscing elit elit malesuada amet posuere Microservices lectus adipiscing congue malesuada sed lectus Maecenas malesuada
2021-12-31 16:09:23 [pool-1-thread-1] INFO  c.m.d.t.t.k.s.l.TwitterKafkaStatusListener - Twitter status with text pulvinar ultricies magna lectus amet dolor pulvinar Kafka pulvinar dolor elit ipsum posuere
2021-12-31 16:09:33 [pool-1-thread-1] INFO  c.m.d.t.t.k.s.l.TwitterKafkaStatusListener - Twitter status with text elit ipsum pulvinar adipiscing Fusce adipiscing purus lectus Microservices amet congue purus massa consectetuer consectetuer
2021-12-31 16:09:43 [pool-1-thread-1] INFO  c.m.d.t.t.k.s.l.TwitterKafkaStatusListener - Twitter status with text sit malesuada elit posuere pulvinar pulvinar massa Fusce dolor massa purus Lorem amet Spring sit elit congue porttitor adipiscing posuere consectetuer Lorem posuere ultricies libero
2021-12-31 16:09:55 [pool-1-thread-1] INFO  c.m.d.t.t.k.s.l.TwitterKafkaStatusListener - Twitter status with text sed purus Lorem elit malesuada ipsum amet libero adipiscing Elasticsearch Fusce libero Fusce Fusce elit sit dolor
2021-12-31 16:11:46 [pool-1-thread-1] INFO  c.m.d.t.t.k.s.l.TwitterKafkaStatusListener - Twitter status with text ultricies ipsum congue ipsum posuere porttitor libero sit libero massa posuere Elasticsearch porttitor lectus elit pulvinar malesuada libero dolor Lorem elit
2021-12-31 21:17:52 [main] INFO  c.m.d.t.t.k.s.TwitterToKafkaServiceApplication - Starting TwitterToKafkaServiceApplication using Java 11.0.12 on DESKTOP-T2LRE8A with PID 14144 (C:\Users\User\IdeaProjects\microservices-demo\twitter-to-kafka-service\target\classes started by User in C:\Users\User\IdeaProjects\microservices-demo)
2021-12-31 21:17:52 [main] INFO  c.m.d.t.t.k.s.TwitterToKafkaServiceApplication - No active profile set, falling back to default profiles: default
2021-12-31 21:17:53 [main] INFO  c.m.d.t.t.k.s.TwitterToKafkaServiceApplication - Started TwitterToKafkaServiceApplication in 1.413 seconds (JVM running for 2.339)
2021-12-31 21:17:53 [main] INFO  c.m.d.t.t.k.s.TwitterToKafkaServiceApplication - [Java, Microservices, Spring, Kafka, Elasticsearch]
2021-12-31 21:17:53 [main] INFO  c.m.d.t.t.k.s.TwitterToKafkaServiceApplication - Hello microservices
2021-12-31 21:17:53 [main] INFO  c.m.d.t.t.k.s.r.i.MockKafkaStreamRunner - Starting mock filtering twitter streams for keywords [Java, Microservices, Spring, Kafka, Elasticsearch]
2021-12-31 21:17:53 [pool-1-thread-1] INFO  c.m.d.t.t.k.s.r.i.MockKafkaStreamRunner - Starting simulated stream.
2021-12-31 21:17:53 [pool-1-thread-1] INFO  c.m.d.t.t.k.s.l.TwitterKafkaStatusListener - Twitter status with text malesuada congue Lorem adipiscing malesuada malesuada Kafka libero massa amet amet
2021-12-31 21:18:03 [pool-1-thread-1] INFO  c.m.d.t.t.k.s.l.TwitterKafkaStatusListener - Twitter status with text porttitor libero porttitor pulvinar sit congue amet congue magna Kafka sed pulvinar massa sit lectus Fusce libero lectus
